  animation_handler.cpp
C:\RAINBOW\Rainbow\Rainbow\animation_handler.cpp(8,21): warning C4018: '>=': signed/unsigned mismatch
  game.cpp
C:\RAINBOW\Rainbow\Rainbow\tile.hpp(62,60): warning C4244: 'argument': conversion from 'unsigned int' to 'T', possible loss of data
C:\RAINBOW\Rainbow\Rainbow\tile.hpp(62,60): warning C4244:         with
C:\RAINBOW\Rainbow\Rainbow\tile.hpp(62,60): warning C4244:         [
C:\RAINBOW\Rainbow\Rainbow\tile.hpp(62,60): warning C4244:             T=float
C:\RAINBOW\Rainbow\Rainbow\tile.hpp(62,60): warning C4244:         ]
  game_state_editor.cpp
C:\RAINBOW\Rainbow\Rainbow\tile.hpp(62,60): warning C4244: 'argument': conversion from 'unsigned int' to 'T', possible loss of data
C:\RAINBOW\Rainbow\Rainbow\tile.hpp(62,60): warning C4244:         with
C:\RAINBOW\Rainbow\Rainbow\tile.hpp(62,60): warning C4244:         [
C:\RAINBOW\Rainbow\Rainbow\tile.hpp(62,60): warning C4244:             T=float
C:\RAINBOW\Rainbow\Rainbow\tile.hpp(62,60): warning C4244:         ]
C:\RAINBOW\Rainbow\Rainbow\game_state_editor.cpp(159,59): warning C4244: 'argument': conversion from 'double' to 'T', possible loss of data
C:\RAINBOW\Rainbow\Rainbow\game_state_editor.cpp(159,59): warning C4244:         with
C:\RAINBOW\Rainbow\Rainbow\game_state_editor.cpp(159,59): warning C4244:         [
C:\RAINBOW\Rainbow\Rainbow\game_state_editor.cpp(159,59): warning C4244:             T=float
C:\RAINBOW\Rainbow\Rainbow\game_state_editor.cpp(159,59): warning C4244:         ]
C:\RAINBOW\Rainbow\Rainbow\game_state_editor.cpp(159,34): warning C4244: 'argument': conversion from 'unsigned int' to 'T', possible loss of data
C:\RAINBOW\Rainbow\Rainbow\game_state_editor.cpp(159,34): warning C4244:         with
C:\RAINBOW\Rainbow\Rainbow\game_state_editor.cpp(159,34): warning C4244:         [
C:\RAINBOW\Rainbow\Rainbow\game_state_editor.cpp(159,34): warning C4244:             T=float
C:\RAINBOW\Rainbow\Rainbow\game_state_editor.cpp(159,34): warning C4244:         ]
  game_state_start.cpp
C:\RAINBOW\Rainbow\Rainbow\tile.hpp(62,60): warning C4244: 'argument': conversion from 'unsigned int' to 'T', possible loss of data
C:\RAINBOW\Rainbow\Rainbow\tile.hpp(62,60): warning C4244:         with
C:\RAINBOW\Rainbow\Rainbow\tile.hpp(62,60): warning C4244:         [
C:\RAINBOW\Rainbow\Rainbow\tile.hpp(62,60): warning C4244:             T=float
C:\RAINBOW\Rainbow\Rainbow\tile.hpp(62,60): warning C4244:         ]
  Main.cpp
C:\RAINBOW\Rainbow\Rainbow\Main.cpp(3,10): warning C4067: unexpected tokens following preprocessor directive - expected a newline
C:\RAINBOW\Rainbow\Rainbow\tile.hpp(62,60): warning C4244: 'argument': conversion from 'unsigned int' to 'T', possible loss of data
C:\RAINBOW\Rainbow\Rainbow\tile.hpp(62,60): warning C4244:         with
C:\RAINBOW\Rainbow\Rainbow\tile.hpp(62,60): warning C4244:         [
C:\RAINBOW\Rainbow\Rainbow\tile.hpp(62,60): warning C4244:             T=float
C:\RAINBOW\Rainbow\Rainbow\tile.hpp(62,60): warning C4244:         ]
  map.cpp
C:\RAINBOW\Rainbow\Rainbow\tile.hpp(62,60): warning C4244: 'argument': conversion from 'unsigned int' to 'T', possible loss of data
C:\RAINBOW\Rainbow\Rainbow\tile.hpp(62,60): warning C4244:         with
C:\RAINBOW\Rainbow\Rainbow\tile.hpp(62,60): warning C4244:         [
C:\RAINBOW\Rainbow\Rainbow\tile.hpp(62,60): warning C4244:             T=float
C:\RAINBOW\Rainbow\Rainbow\tile.hpp(62,60): warning C4244:         ]
C:\RAINBOW\Rainbow\Rainbow\map.cpp(21,27): warning C4018: '<': signed/unsigned mismatch
C:\RAINBOW\Rainbow\Rainbow\map.cpp(130,23): warning C4018: '<': signed/unsigned mismatch
C:\RAINBOW\Rainbow\Rainbow\map.cpp(132,27): warning C4018: '<': signed/unsigned mismatch
C:\RAINBOW\Rainbow\Rainbow\map.cpp(145,19): warning C4018: '<': signed/unsigned mismatch
C:\RAINBOW\Rainbow\Rainbow\map.cpp(149,19): warning C4018: '<': signed/unsigned mismatch
C:\RAINBOW\Rainbow\Rainbow\map.cpp(151,28): warning C4018: '<': signed/unsigned mismatch
C:\RAINBOW\Rainbow\Rainbow\map.cpp(153,19): warning C4018: '<': signed/unsigned mismatch
C:\RAINBOW\Rainbow\Rainbow\map.cpp(155,19): warning C4018: '<': signed/unsigned mismatch
C:\RAINBOW\Rainbow\Rainbow\map.cpp(155,42): warning C4018: '<': signed/unsigned mismatch
C:\RAINBOW\Rainbow\Rainbow\map.cpp(198,28): warning C4018: '>=': signed/unsigned mismatch
C:\RAINBOW\Rainbow\Rainbow\map.cpp(199,28): warning C4018: '>=': signed/unsigned mismatch
C:\RAINBOW\Rainbow\Rainbow\map.cpp(228,23): warning C4018: '<': signed/unsigned mismatch
C:\RAINBOW\Rainbow\Rainbow\map.cpp(230,27): warning C4018: '<': signed/unsigned mismatch
  texture_manager.cpp
  texture_manager.hpp
  tile.cpp
C:\RAINBOW\Rainbow\Rainbow\tile.hpp(62,60): warning C4244: 'argument': conversion from 'unsigned int' to 'T', possible loss of data
C:\RAINBOW\Rainbow\Rainbow\tile.hpp(62,60): warning C4244:         with
C:\RAINBOW\Rainbow\Rainbow\tile.hpp(62,60): warning C4244:         [
C:\RAINBOW\Rainbow\Rainbow\tile.hpp(62,60): warning C4244:             T=float
C:\RAINBOW\Rainbow\Rainbow\tile.hpp(62,60): warning C4244:         ]
C:\RAINBOW\Rainbow\Rainbow\tile.cpp(32,27): warning C4018: '<': signed/unsigned mismatch
  Generating Code...
Debug\texture_manager.obj : warning LNK4042: object specified more than once; extras ignored
sfml-graphics-s-d.lib(BlendMode.obj) : warning LNK4099: PDB '' was not found with 'sfml-graphics-s-d.lib(BlendMode.obj)' or at ''; linking object as if no debug info
sfml-graphics-s-d.lib(Color.obj) : warning LNK4099: PDB '' was not found with 'sfml-graphics-s-d.lib(Color.obj)' or at ''; linking object as if no debug info
sfml-graphics-s-d.lib(Glsl.obj) : warning LNK4099: PDB '' was not found with 'sfml-graphics-s-d.lib(Glsl.obj)' or at ''; linking object as if no debug info
sfml-graphics-s-d.lib(GLCheck.obj) : warning LNK4099: PDB '' was not found with 'sfml-graphics-s-d.lib(GLCheck.obj)' or at ''; linking object as if no debug info
sfml-graphics-s-d.lib(GLExtensions.obj) : warning LNK4099: PDB '' was not found with 'sfml-graphics-s-d.lib(GLExtensions.obj)' or at ''; linking object as if no debug info
sfml-graphics-s-d.lib(Image.obj) : warning LNK4099: PDB '' was not found with 'sfml-graphics-s-d.lib(Image.obj)' or at ''; linking object as if no debug info
sfml-graphics-s-d.lib(ImageLoader.obj) : warning LNK4099: PDB '' was not found with 'sfml-graphics-s-d.lib(ImageLoader.obj)' or at ''; linking object as if no debug info
sfml-graphics-s-d.lib(RenderStates.obj) : warning LNK4099: PDB '' was not found with 'sfml-graphics-s-d.lib(RenderStates.obj)' or at ''; linking object as if no debug info
sfml-graphics-s-d.lib(RenderTarget.obj) : warning LNK4099: PDB '' was not found with 'sfml-graphics-s-d.lib(RenderTarget.obj)' or at ''; linking object as if no debug info
sfml-graphics-s-d.lib(RenderWindow.obj) : warning LNK4099: PDB '' was not found with 'sfml-graphics-s-d.lib(RenderWindow.obj)' or at ''; linking object as if no debug info
sfml-graphics-s-d.lib(Shader.obj) : warning LNK4099: PDB '' was not found with 'sfml-graphics-s-d.lib(Shader.obj)' or at ''; linking object as if no debug info
sfml-graphics-s-d.lib(Texture.obj) : warning LNK4099: PDB '' was not found with 'sfml-graphics-s-d.lib(Texture.obj)' or at ''; linking object as if no debug info
sfml-graphics-s-d.lib(TextureSaver.obj) : warning LNK4099: PDB '' was not found with 'sfml-graphics-s-d.lib(TextureSaver.obj)' or at ''; linking object as if no debug info
sfml-graphics-s-d.lib(Transform.obj) : warning LNK4099: PDB '' was not found with 'sfml-graphics-s-d.lib(Transform.obj)' or at ''; linking object as if no debug info
sfml-graphics-s-d.lib(Transformable.obj) : warning LNK4099: PDB '' was not found with 'sfml-graphics-s-d.lib(Transformable.obj)' or at ''; linking object as if no debug info
sfml-graphics-s-d.lib(View.obj) : warning LNK4099: PDB '' was not found with 'sfml-graphics-s-d.lib(View.obj)' or at ''; linking object as if no debug info
sfml-graphics-s-d.lib(Vertex.obj) : warning LNK4099: PDB '' was not found with 'sfml-graphics-s-d.lib(Vertex.obj)' or at ''; linking object as if no debug info
sfml-graphics-s-d.lib(Sprite.obj) : warning LNK4099: PDB '' was not found with 'sfml-graphics-s-d.lib(Sprite.obj)' or at ''; linking object as if no debug info
sfml-graphics-s-d.lib(VertexBuffer.obj) : warning LNK4099: PDB '' was not found with 'sfml-graphics-s-d.lib(VertexBuffer.obj)' or at ''; linking object as if no debug info
sfml-graphics-s-d.lib(RenderTextureImpl.obj) : warning LNK4099: PDB '' was not found with 'sfml-graphics-s-d.lib(RenderTextureImpl.obj)' or at ''; linking object as if no debug info
sfml-graphics-s-d.lib(RenderTextureImplFBO.obj) : warning LNK4099: PDB '' was not found with 'sfml-graphics-s-d.lib(RenderTextureImplFBO.obj)' or at ''; linking object as if no debug info
sfml-window-s-d.lib(Context.obj) : warning LNK4099: PDB '' was not found with 'sfml-window-s-d.lib(Context.obj)' or at ''; linking object as if no debug info
sfml-window-s-d.lib(Cursor.obj) : warning LNK4099: PDB '' was not found with 'sfml-window-s-d.lib(Cursor.obj)' or at ''; linking object as if no debug info
sfml-window-s-d.lib(GlContext.obj) : warning LNK4099: PDB '' was not found with 'sfml-window-s-d.lib(GlContext.obj)' or at ''; linking object as if no debug info
sfml-window-s-d.lib(GlResource.obj) : warning LNK4099: PDB '' was not found with 'sfml-window-s-d.lib(GlResource.obj)' or at ''; linking object as if no debug info
sfml-window-s-d.lib(Joystick.obj) : warning LNK4099: PDB '' was not found with 'sfml-window-s-d.lib(Joystick.obj)' or at ''; linking object as if no debug info
sfml-window-s-d.lib(JoystickManager.obj) : warning LNK4099: PDB '' was not found with 'sfml-window-s-d.lib(JoystickManager.obj)' or at ''; linking object as if no debug info
sfml-window-s-d.lib(Mouse.obj) : warning LNK4099: PDB '' was not found with 'sfml-window-s-d.lib(Mouse.obj)' or at ''; linking object as if no debug info
sfml-window-s-d.lib(SensorManager.obj) : warning LNK4099: PDB '' was not found with 'sfml-window-s-d.lib(SensorManager.obj)' or at ''; linking object as if no debug info
sfml-window-s-d.lib(VideoMode.obj) : warning LNK4099: PDB '' was not found with 'sfml-window-s-d.lib(VideoMode.obj)' or at ''; linking object as if no debug info
sfml-window-s-d.lib(Window.obj) : warning LNK4099: PDB '' was not found with 'sfml-window-s-d.lib(Window.obj)' or at ''; linking object as if no debug info
sfml-window-s-d.lib(WindowBase.obj) : warning LNK4099: PDB '' was not found with 'sfml-window-s-d.lib(WindowBase.obj)' or at ''; linking object as if no debug info
sfml-window-s-d.lib(WindowImpl.obj) : warning LNK4099: PDB '' was not found with 'sfml-window-s-d.lib(WindowImpl.obj)' or at ''; linking object as if no debug info
sfml-window-s-d.lib(CursorImpl.obj) : warning LNK4099: PDB '' was not found with 'sfml-window-s-d.lib(CursorImpl.obj)' or at ''; linking object as if no debug info
sfml-window-s-d.lib(InputImpl.obj) : warning LNK4099: PDB '' was not found with 'sfml-window-s-d.lib(InputImpl.obj)' or at ''; linking object as if no debug info
sfml-window-s-d.lib(JoystickImpl.obj) : warning LNK4099: PDB '' was not found with 'sfml-window-s-d.lib(JoystickImpl.obj)' or at ''; linking object as if no debug info
sfml-window-s-d.lib(SensorImpl.obj) : warning LNK4099: PDB '' was not found with 'sfml-window-s-d.lib(SensorImpl.obj)' or at ''; linking object as if no debug info
sfml-window-s-d.lib(VideoModeImpl.obj) : warning LNK4099: PDB '' was not found with 'sfml-window-s-d.lib(VideoModeImpl.obj)' or at ''; linking object as if no debug info
sfml-window-s-d.lib(VulkanImplWin32.obj) : warning LNK4099: PDB '' was not found with 'sfml-window-s-d.lib(VulkanImplWin32.obj)' or at ''; linking object as if no debug info
sfml-window-s-d.lib(WindowImplWin32.obj) : warning LNK4099: PDB '' was not found with 'sfml-window-s-d.lib(WindowImplWin32.obj)' or at ''; linking object as if no debug info
sfml-window-s-d.lib(WglContext.obj) : warning LNK4099: PDB '' was not found with 'sfml-window-s-d.lib(WglContext.obj)' or at ''; linking object as if no debug info
sfml-system-s-d.lib(Clock.obj) : warning LNK4099: PDB '' was not found with 'sfml-system-s-d.lib(Clock.obj)' or at ''; linking object as if no debug info
sfml-system-s-d.lib(Err.obj) : warning LNK4099: PDB '' was not found with 'sfml-system-s-d.lib(Err.obj)' or at ''; linking object as if no debug info
sfml-system-s-d.lib(Lock.obj) : warning LNK4099: PDB '' was not found with 'sfml-system-s-d.lib(Lock.obj)' or at ''; linking object as if no debug info
sfml-system-s-d.lib(Mutex.obj) : warning LNK4099: PDB '' was not found with 'sfml-system-s-d.lib(Mutex.obj)' or at ''; linking object as if no debug info
sfml-system-s-d.lib(Sleep.obj) : warning LNK4099: PDB '' was not found with 'sfml-system-s-d.lib(Sleep.obj)' or at ''; linking object as if no debug info
sfml-system-s-d.lib(String.obj) : warning LNK4099: PDB '' was not found with 'sfml-system-s-d.lib(String.obj)' or at ''; linking object as if no debug info
sfml-system-s-d.lib(ThreadLocal.obj) : warning LNK4099: PDB '' was not found with 'sfml-system-s-d.lib(ThreadLocal.obj)' or at ''; linking object as if no debug info
sfml-system-s-d.lib(Time.obj) : warning LNK4099: PDB '' was not found with 'sfml-system-s-d.lib(Time.obj)' or at ''; linking object as if no debug info
sfml-system-s-d.lib(ClockImpl.obj) : warning LNK4099: PDB '' was not found with 'sfml-system-s-d.lib(ClockImpl.obj)' or at ''; linking object as if no debug info
sfml-system-s-d.lib(MutexImpl.obj) : warning LNK4099: PDB '' was not found with 'sfml-system-s-d.lib(MutexImpl.obj)' or at ''; linking object as if no debug info
sfml-system-s-d.lib(SleepImpl.obj) : warning LNK4099: PDB '' was not found with 'sfml-system-s-d.lib(SleepImpl.obj)' or at ''; linking object as if no debug info
sfml-system-s-d.lib(ThreadLocalImpl.obj) : warning LNK4099: PDB '' was not found with 'sfml-system-s-d.lib(ThreadLocalImpl.obj)' or at ''; linking object as if no debug info
  Rainbow.vcxproj -> C:\RAINBOW\Rainbow\Debug\RainbowProject.exe
